<?xml version="1.0" encoding="UTF-8"?>
<!-- Generated by org.testng.reporters.JUnitReportReporter -->
<testsuite hostname="DESKTOP-OAAM0CD" failures="0" tests="1" name="cucumberOptions.TestRunner" time="29.070" errors="0" timestamp="8 Mar 2019 10:18:11 GMT">
  <testcase classname="cucumberOptions.TestRunner" name="feature" time="29.070"/>
</testsuite> <!-- cucumberOptions.TestRunner -->
